<?xml version="1.0" encoding="UTF-8"?>
<!-- Generated by org.testng.reporters.JUnitXMLReporter -->
<testsuite ignored="2" hostname="MININT-DPNQ1NL" failures="0" tests="1" name="Test" time="0.043" errors="0" timestamp="2021-09-30T15:39:14 IST">
  <testcase classname="TestLayer.Groups" name="amazon" time="0.011"/>
  <testcase classname="TestLayer.Groups" name="facebook" time="0.0">
    <ignored/>
  </testcase> <!-- facebook -->
  <testcase classname="TestLayer.Groups" name="google" time="0.0">
    <ignored/>
  </testcase> <!-- google -->
</testsuite> <!-- Test -->
