<?xml version="1.0" encoding="UTF-8"?>
<!-- Generated by org.testng.reporters.JUnitXMLReporter -->
<testsuite ignored="0" hostname="MININT-DPNQ1NL" failures="0" tests="4" name="Test" time="0.063" errors="0" timestamp="2021-10-21T13:43:50 IST">
  <testcase classname="FailedTest.Fail1" name="m1" time="0.008"/>
  <testcase classname="FailedTest.Fail1" name="m2" time="0.002"/>
  <testcase classname="FailedTest.Fail1" name="m3" time="0.002"/>
  <testcase classname="FailedTest.Fail1" name="m4" time="0.001"/>
</testsuite> <!-- Test -->
