<?xml version="1.0" encoding="UTF-8"?>
<!-- Generated by org.testng.reporters.JUnitXMLReporter -->
<testsuite ignored="2" hostname="MININT-DPNQ1NL" failures="0" tests="2" name="Test(failed)" time="0.048" errors="0" timestamp="2021-10-21T13:42:23 IST">
  <testcase classname="FailedTest.Fail1" name="m1" time="0.007"/>
  <testcase classname="FailedTest.Fail1" name="m2" time="0.002"/>
  <testcase classname="FailedTest.Fail1" name="m3" time="0.0">
    <ignored/>
  </testcase> <!-- m3 -->
  <testcase classname="FailedTest.Fail1" name="m4" time="0.0">
    <ignored/>
  </testcase> <!-- m4 -->
</testsuite> <!-- Test(failed) -->
