<?xml version="1.0" encoding="UTF-8"?>
<testng-results ignored="0" total="4" passed="4" failed="0" skipped="0">
  <reporter-output>
  </reporter-output>
  <suite started-at="2021-10-21T13:43:50 IST" name="Suite" finished-at="2021-10-21T13:43:50 IST" duration-ms="63">
    <groups>
    </groups>
    <test started-at="2021-10-21T13:43:50 IST" name="Test" finished-at="2021-10-21T13:43:50 IST" duration-ms="63">
      <class name="FailedTest.Fail1">
        <test-method signature="m1()[pri:1, instance:FailedTest.Fail1@2f465398]" started-at="2021-10-21T13:43:50 IST" name="m1" finished-at="2021-10-21T13:43:50 IST" duration-ms="8" status="PASS">
          <reporter-output>
          </reporter-output>
        </test-method> <!-- m1 -->
        <test-method signature="m2()[pri:2, instance:FailedTest.Fail1@2f465398]" started-at="2021-10-21T13:43:50 IST" name="m2" finished-at="2021-10-21T13:43:50 IST" duration-ms="2" status="PASS">
          <reporter-output>
          </reporter-output>
        </test-method> <!-- m2 -->
        <test-method signature="m3()[pri:3, instance:FailedTest.Fail1@2f465398]" started-at="2021-10-21T13:43:50 IST" name="m3" finished-at="2021-10-21T13:43:50 IST" duration-ms="2" status="PASS">
          <reporter-output>
          </reporter-output>
        </test-method> <!-- m3 -->
        <test-method signature="m4()[pri:4, instance:FailedTest.Fail1@2f465398]" started-at="2021-10-21T13:43:50 IST" name="m4" finished-at="2021-10-21T13:43:50 IST" duration-ms="1" status="PASS">
          <reporter-output>
          </reporter-output>
        </test-method> <!-- m4 -->
      </class> <!-- FailedTest.Fail1 -->
    </test> <!-- Test -->
  </suite> <!-- Suite -->
</testng-results>
